48141
138691
88885
116589
149350
149366
194730
280685
329117
340383
314463
341451
394351
400732
441373
509301
509305
516044
509410
549712
523229
529315
539297
539061
548520
1064854
1087847
1084331
1142324
1140370
1166548
1181811
1208879
1183529
1208873
1186732
1189073
1189074
1255741
1253828
1310620
1283364
1315279
1382200
1359071
1420314
1420271
1526604
1435744
1448208
1440874
1482699
1463023
1540739
1564426
1584416
1617083
1626108
1635039
1630711
1713256
1860061
1858683
1853120
1892049
1914394
1941754